<?xml version="1.0" encoding="UTF-8"?>
<!-- Generated by org.testng.reporters.JUnitXMLReporter -->
<testsuite hostname="Cajetans-MacBook-Pro.local" ignored="0" name="Test" tests="7" failures="1" timestamp="2020-12-20T12:24:59 IST" time="77.869" errors="0">
  <testcase name="runScenario" time="13.409" classname="io.cucumber.testng.AbstractTestNGCucumberTests"/>
  <testcase name="runScenario" time="5.478" classname="io.cucumber.testng.AbstractTestNGCucumberTests">
    <failure type="java.lang.NullPointerException">
      <![CDATA[java.lang.NullPointerException
at stepdefinitions.AccountLogin.enters_unregistered_something(AccountLogin.java:59)
at ✽.enters unregistered 7405217429(file:///Users/cajetanfernandes/OneDrive/Documents/Studies_and_Certs/Automation_Testing_Masters/Phase_2/Final_Project_WS/Eclipse_2018-09_MacOS/swiggy/src/test/java/features/AccountLogin.feature:17)
]]>
    </failure>
  </testcase> <!-- runScenario -->
  <testcase name="runScenario" time="7.752" classname="io.cucumber.testng.AbstractTestNGCucumberTests"/>
  <testcase name="runScenario" time="7.758" classname="io.cucumber.testng.AbstractTestNGCucumberTests"/>
  <testcase name="runScenario" time="15.523" classname="io.cucumber.testng.AbstractTestNGCucumberTests">
    <skipped/>
  </testcase> <!-- runScenario -->
  <testcase name="runScenario" time="14.472" classname="io.cucumber.testng.AbstractTestNGCucumberTests"/>
  <testcase name="runScenario" time="11.818" classname="io.cucumber.testng.AbstractTestNGCucumberTests"/>
</testsuite> <!-- Test -->
