<?xml version="1.0" encoding="UTF-8"?>
<testng-results skipped="0" failed="0" ignored="0" total="1" passed="1">
  <reporter-output>
  </reporter-output>
  <suite name="Default suite" duration-ms="12331" started-at="2020-12-16T17:44:05 IST" finished-at="2020-12-16T17:44:17 IST">
    <groups>
    </groups>
    <test name="Default test" duration-ms="12331" started-at="2020-12-16T17:44:05 IST" finished-at="2020-12-16T17:44:17 IST">
      <class name="org.test.smplrn.swiggy.FoodSearchTest">
        <test-method status="PASS" signature="findFood()[pri:0, instance:org.test.smplrn.swiggy.FoodSearchTest@1f554b06]" name="findFood" duration-ms="12232" started-at="2020-12-16T17:44:05 IST" finished-at="2020-12-16T17:44:17 IST">
          <reporter-output>
          </reporter-output>
        </test-method> <!-- findFood -->
      </class> <!-- org.test.smplrn.swiggy.FoodSearchTest -->
    </test> <!-- Default test -->
  </suite> <!-- Default suite -->
</testng-results>
