<?xml version="1.0" encoding="UTF-8"?>
<!-- Generated by org.testng.reporters.JUnitReportReporter -->
<testsuite skipped="1" hostname="Cajetans-MacBook-Pro.local" name="testrunner.TestRunner" tests="7" failures="0" timestamp="2020-12-20T12:24:59 IST" time="76.210" errors="1">
  <testcase name="runScenario" time="7.752" classname="testrunner.TestRunner"/>
  <system-out/>
  <testcase name="runScenario" time="5.478" classname="testrunner.TestRunner">
    <error type="java.lang.NullPointerException">
      <![CDATA[java.lang.NullPointerException
at stepdefinitions.AccountLogin.enters_unregistered_something(AccountLogin.java:59)
at ✽.enters unregistered 7405217429(file:///Users/cajetanfernandes/OneDrive/Documents/Studies_and_Certs/Automation_Testing_Masters/Phase_2/Final_Project_WS/Eclipse_2018-09_MacOS/swiggy/src/test/java/features/AccountLogin.feature:17)
]]>
    </error>
  </testcase> <!-- runScenario -->
  <system-out/>
  <testcase name="runScenario" time="14.472" classname="testrunner.TestRunner"/>
  <system-out/>
  <testcase name="runScenario" time="11.818" classname="testrunner.TestRunner"/>
  <system-out/>
  <testcase name="runScenario" time="15.523" classname="testrunner.TestRunner">
    <skipped/>
  </testcase> <!-- runScenario -->
  <system-out/>
  <testcase name="runScenario" time="13.409" classname="testrunner.TestRunner"/>
  <system-out/>
  <testcase name="runScenario" time="7.758" classname="testrunner.TestRunner"/>
  <system-out/>
</testsuite> <!-- testrunner.TestRunner -->
